<?xml version="1.0" encoding="UTF-8"?>
<testsuite name="com.example.backend.TestMainVerticle" tests="1" skipped="0" failures="0" errors="0" timestamp="2023-03-30T18:54:14" hostname="MAINSHIP" time="0.329">
  <properties/>
  <testcase name="verticle_deployed(Vertx, VertxTestContext)" classname="com.example.backend.TestMainVerticle" time="0.329"/>
  <system-out><![CDATA[HTTP server started on port 8000
]]></system-out>
  <system-err><![CDATA[]]></system-err>
</testsuite>
